<?xml version="1.0" encoding="UTF-8"?>
<!-- Generated by org.testng.reporters.JUnitXMLReporter -->
<testsuite ignored="2" hostname="DESKTOP-F84T4QD" failures="0" tests="0" time="0.017" errors="0" timestamp="2024-01-16T02:54:45 IST">
  <testcase classname="DilpreetSinghLearningFramework.tests.errorValidationTest" name="ProducterrorValidation" time="0.0">
    <ignored/>
  </testcase> <!-- ProducterrorValidation -->
  <testcase classname="DilpreetSinghLearningFramework.tests.errorValidationTest" name="LoginerrorValidation" time="0.0">
    <ignored/>
  </testcase> <!-- LoginerrorValidation -->
</testsuite>
