<?xml version="1.0" encoding="UTF-8"?>
<!-- Generated by org.testng.reporters.JUnitXMLReporter -->
<testsuite ignored="1" hostname="DESKTOP-F84T4QD" failures="0" tests="2" name="Submit Order" time="15.705" errors="0" timestamp="2024-01-16T02:55:00 IST">
  <testcase classname="DilpreetSinghLearningFramework.tests.SubmitOrderTest" name="submitOrder" time="5.982"/>
  <testcase classname="DilpreetSinghLearningFramework.tests.SubmitOrderTest" name="submitOrder" time="5.232"/>
  <testcase classname="DilpreetSinghLearningFramework.tests.SubmitOrderTest" name="OrderHistoryTest" time="0.0">
    <ignored/>
  </testcase> <!-- OrderHistoryTest -->
</testsuite> <!-- Submit Order -->
