<?xml version="1.0" encoding="UTF-8"?>
<!-- Generated by org.testng.reporters.JUnitXMLReporter -->
<testsuite ignored="0" hostname="DESKTOP-F84T4QD" failures="0" tests="2" name="Error Validation" time="15.407" errors="0" timestamp="2024-02-17T22:15:01 IST">
  <testcase classname="DilpreetSinghLearningFramework.tests.errorValidationTest" name="LoginerrorValidation" time="1.937"/>
  <testcase classname="DilpreetSinghLearningFramework.tests.errorValidationTest" name="ProducterrorValidation" time="2.97"/>
</testsuite> <!-- Error Validation -->
