<?xml version="1.0" encoding="UTF-8"?>
<!-- Generated by org.testng.reporters.JUnitXMLReporter -->
<testsuite ignored="0" hostname="DESKTOP-F84T4QD" failures="0" tests="3" name="Submit Order" time="31.647" errors="0" timestamp="2024-02-17T22:15:17 IST">
  <testcase classname="DilpreetSinghLearningFramework.tests.SubmitOrderTest" name="submitOrder" time="7.592"/>
  <testcase classname="DilpreetSinghLearningFramework.tests.SubmitOrderTest" name="submitOrder" time="6.107"/>
  <testcase classname="DilpreetSinghLearningFramework.tests.SubmitOrderTest" name="OrderHistoryTest" time="1.266"/>
</testsuite> <!-- Submit Order -->
