<?xml version="1.0" encoding="UTF-8"?>
<testng-results ignored="0" total="5" passed="5" failed="0" skipped="0">
  <reporter-output>
  </reporter-output>
  <suite started-at="2024-02-17T22:14:45 IST" name="Suite" finished-at="2024-02-17T22:15:17 IST" duration-ms="31647">
    <groups>
      <group name="errorhandling">
        <method signature="errorValidationTest.LoginerrorValidation()[pri:0, instance:DilpreetSinghLearningFramework.tests.errorValidationTest@29d80d2b]" name="LoginerrorValidation" class="DilpreetSinghLearningFramework.tests.errorValidationTest"/>
      </group> <!-- errorhandling -->
      <group name="purchase">
        <method signature="SubmitOrderTest.submitOrder(java.util.HashMap)[pri:0, instance:DilpreetSinghLearningFramework.tests.SubmitOrderTest@533bda92]" name="submitOrder" class="DilpreetSinghLearningFramework.tests.SubmitOrderTest"/>
      </group> <!-- purchase -->
    </groups>
    <test started-at="2024-02-17T22:14:45 IST" name="Error Validation" finished-at="2024-02-17T22:15:01 IST" duration-ms="15407">
      <class name="DilpreetSinghLearningFramework.tests.errorValidationTest">
        <test-method is-config="true" signature="launchApplication()[pri:0, instance:DilpreetSinghLearningFramework.tests.errorValidationTest@29d80d2b]" started-at="2024-02-17T22:14:45 IST" name="launchApplication" finished-at="2024-02-17T22:14:52 IST" duration-ms="6773" status="PASS">
          <reporter-output>
          </reporter-output>
        </test-method> <!-- launchApplication -->
        <test-method signature="LoginerrorValidation()[pri:0, instance:DilpreetSinghLearningFramework.tests.errorValidationTest@29d80d2b]" started-at="2024-02-17T22:14:52 IST" name="LoginerrorValidation" finished-at="2024-02-17T22:14:54 IST" duration-ms="1937" status="PASS">
          <reporter-output>
          </reporter-output>
        </test-method> <!-- LoginerrorValidation -->
        <test-method is-config="true" signature="tearDown()[pri:0, instance:DilpreetSinghLearningFramework.tests.errorValidationTest@29d80d2b]" started-at="2024-02-17T22:14:54 IST" name="tearDown" finished-at="2024-02-17T22:14:54 IST" duration-ms="325" status="PASS">
          <reporter-output>
          </reporter-output>
        </test-method> <!-- tearDown -->
        <test-method is-config="true" signature="launchApplication()[pri:0, instance:DilpreetSinghLearningFramework.tests.errorValidationTest@29d80d2b]" started-at="2024-02-17T22:14:54 IST" name="launchApplication" finished-at="2024-02-17T22:14:57 IST" duration-ms="2997" status="PASS">
          <reporter-output>
          </reporter-output>
        </test-method> <!-- launchApplication -->
        <test-method signature="ProducterrorValidation()[pri:0, instance:DilpreetSinghLearningFramework.tests.errorValidationTest@29d80d2b]" started-at="2024-02-17T22:14:57 IST" name="ProducterrorValidation" finished-at="2024-02-17T22:15:00 IST" duration-ms="2970" status="PASS">
          <reporter-output>
          </reporter-output>
        </test-method> <!-- ProducterrorValidation -->
        <test-method is-config="true" signature="tearDown()[pri:0, instance:DilpreetSinghLearningFramework.tests.errorValidationTest@29d80d2b]" started-at="2024-02-17T22:15:00 IST" name="tearDown" finished-at="2024-02-17T22:15:01 IST" duration-ms="294" status="PASS">
          <reporter-output>
          </reporter-output>
        </test-method> <!-- tearDown -->
      </class> <!-- DilpreetSinghLearningFramework.tests.errorValidationTest -->
    </test> <!-- Error Validation -->
    <test started-at="2024-02-17T22:14:45 IST" name="Submit Order" finished-at="2024-02-17T22:15:17 IST" duration-ms="31647">
      <class name="DilpreetSinghLearningFramework.tests.SubmitOrderTest">
        <test-method is-config="true" signature="launchApplication()[pri:0, instance:DilpreetSinghLearningFramework.tests.SubmitOrderTest@533bda92]" started-at="2024-02-17T22:14:46 IST" name="launchApplication" finished-at="2024-02-17T22:14:53 IST" duration-ms="7019" status="PASS">
          <reporter-output>
          </reporter-output>
        </test-method> <!-- launchApplication -->
        <test-method signature="submitOrder(java.util.HashMap)[pri:0, instance:DilpreetSinghLearningFramework.tests.SubmitOrderTest@533bda92]" started-at="2024-02-17T22:14:53 IST" name="submitOrder" data-provider="getData" finished-at="2024-02-17T22:15:00 IST" duration-ms="7592" status="PASS">
          <params>
            <param index="0">
              <value>
                <![CDATA[{password=Sahaj2003@, product=IPHONE 13 PRO, email=abc@learning.com}]]>
              </value>
            </param>
          </params>
          <reporter-output>
          </reporter-output>
        </test-method> <!-- submitOrder -->
        <test-method is-config="true" signature="tearDown()[pri:0, instance:DilpreetSinghLearningFramework.tests.SubmitOrderTest@533bda92]" started-at="2024-02-17T22:15:00 IST" name="tearDown" finished-at="2024-02-17T22:15:01 IST" duration-ms="312" status="PASS">
          <reporter-output>
          </reporter-output>
        </test-method> <!-- tearDown -->
        <test-method is-config="true" signature="launchApplication()[pri:0, instance:DilpreetSinghLearningFramework.tests.SubmitOrderTest@533bda92]" started-at="2024-02-17T22:15:01 IST" name="launchApplication" finished-at="2024-02-17T22:15:05 IST" duration-ms="4072" status="PASS">
          <reporter-output>
          </reporter-output>
        </test-method> <!-- launchApplication -->
        <test-method signature="submitOrder(java.util.HashMap)[pri:0, instance:DilpreetSinghLearningFramework.tests.SubmitOrderTest@533bda92]" started-at="2024-02-17T22:15:05 IST" name="submitOrder" data-provider="getData" finished-at="2024-02-17T22:15:11 IST" duration-ms="6107" status="PASS">
          <params>
            <param index="0">
              <value>
                <![CDATA[{password=Dpsingh05@, product=ADIDAS ORIGINAL, email=singh5@gmail.com}]]>
              </value>
            </param>
          </params>
          <reporter-output>
          </reporter-output>
        </test-method> <!-- submitOrder -->
        <test-method is-config="true" signature="tearDown()[pri:0, instance:DilpreetSinghLearningFramework.tests.SubmitOrderTest@533bda92]" started-at="2024-02-17T22:15:11 IST" name="tearDown" finished-at="2024-02-17T22:15:11 IST" duration-ms="168" status="PASS">
          <reporter-output>
          </reporter-output>
        </test-method> <!-- tearDown -->
        <test-method is-config="true" signature="launchApplication()[pri:0, instance:DilpreetSinghLearningFramework.tests.SubmitOrderTest@533bda92]" started-at="2024-02-17T22:15:11 IST" name="launchApplication" finished-at="2024-02-17T22:15:15 IST" duration-ms="4232" status="PASS">
          <reporter-output>
          </reporter-output>
        </test-method> <!-- launchApplication -->
        <test-method signature="OrderHistoryTest()[pri:0, instance:DilpreetSinghLearningFramework.tests.SubmitOrderTest@533bda92]" started-at="2024-02-17T22:15:15 IST" name="OrderHistoryTest" finished-at="2024-02-17T22:15:17 IST" depends-on-methods="DilpreetSinghLearningFramework.tests.SubmitOrderTest.submitOrder" duration-ms="1266" status="PASS">
          <reporter-output>
          </reporter-output>
        </test-method> <!-- OrderHistoryTest -->
        <test-method is-config="true" signature="tearDown()[pri:0, instance:DilpreetSinghLearningFramework.tests.SubmitOrderTest@533bda92]" started-at="2024-02-17T22:15:17 IST" name="tearDown" finished-at="2024-02-17T22:15:17 IST" duration-ms="236" status="PASS">
          <reporter-output>
          </reporter-output>
        </test-method> <!-- tearDown -->
      </class> <!-- DilpreetSinghLearningFramework.tests.SubmitOrderTest -->
    </test> <!-- Submit Order -->
  </suite> <!-- Suite -->
</testng-results>
